
Running Job 1 of 1 Q_in.in
qchem Q_in.in_117847.0 /scratch/ari.fischer/qChem1853796.hpc-mn1/qchem117847/ 0
/usr/local/qchem-5.4.1/exe/qcprog.exe_s Q_in.in_117847.0 /scratch/ari.fischer/qChem1853796.hpc-mn1/qchem117847/
                  Welcome to Q-Chem
     A Quantum Leap Into The Future Of Chemistry


 Q-Chem 5.4, Q-Chem, Inc., Pleasanton, CA (2021)

 License issued to: Nanyang Technological University (site)

 E. Epifanovsky,  A. T. B. Gilbert,  Xintian Feng,  Joonho Lee,  Yuezhi Mao,  
 N. Mardirossian,  P. Pokhilko,  A. White,  M. Wormit,  M. P. Coons,  
 A. L. Dempwolff,  Zhengting Gan,  D. Hait,  P. R. Horn,  L. D. Jacobson,  
 I. Kaliman,  J. Kussmann,  A. W. Lange,  Ka Un Lao,  D. S. Levine,  Jie Liu,  
 S. C. McKenzie,  A. F. Morrison,  K. Nanda,  F. Plasser,  D. R. Rehn,  
 M. L. Vidal,  Zhi-Qiang You,  Ying Zhu,  B. Alam,  B. Albrecht,  
 A. Aldossary,  E. Alguire,  J. H. Andersen,  D. Barton,  K. Begam,  A. Behn,  
 Y. A. Bernard,  E. J. Berquist,  H. Burton,  A. Carreras,  K. Carter-Fenk,  
 R. Chakraborty,  A. D. Chien,  K. D. Closser,  V. Cofer-Shabica,  
 S. Dasgupta,  Jia Deng,  M. de Wergifosse,  M. Diedenhofen,  Hainam Do,  
 S. Ehlert,  Po-Tung Fang,  S. Fatehi,  Qingguo Feng,  T. Friedhoff,  
 J. Gayvert,  Qinghui Ge,  G. Gidofalvi,  M. Goldey,  J. Gomes,  
 C. Gonzalez-Espinoza,  S. Gulania,  A. Gunina,  M. W. D. Hanson-Heine,  
 P. H. P. Harbach,  A. W. Hauser,  M. F. Herbst,  M. Hernandez Vera,  
 M. Hodecker,  Z. C. Holden,  S. Houck,  Xunkun Huang,  Kerwin Hui,  
 B. C. Huynh,  M. Ivanov,  Hyunjun Ji,  Hanjie Jiang,  B. Kaduk,  S. Kaehler,  
 K. Khistyaev,  Jaehoon Kim,  P. Klunzinger,  Z. Koczor-Benda,  
 Joong Hoon Koh,  D. Kosenkov,  L. Koulias,  T. Kowalczyk,  C. M. Krauter,  
 K. Kue,  A. Kunitsa,  T. Kus,  A. Landau,  K. V. Lawler,  D. Lefrancois,  
 S. Lehtola,  Rain Li,  Yi-Pei Li,  Jiashu Liang,  M. Liebenthal,  
 Hung-Hsuan Lin,  You-Sheng Lin,  Fenglai Liu,  Kuan-Yu Liu,  
 M. Loipersberger,  A. Luenser,  A. Manjanath,  P. Manohar,  E. Mansoor,  
 S. F. Manzer,  Shan-Ping Mao,  A. V. Marenich,  T. Markovich,  S. Mason,  
 S. A. Maurer,  P. F. McLaughlin,  M. F. S. J. Menger,  J.-M. Mewes,  
 S. A. Mewes,  P. Morgante,  J. W. Mullinax,  K. J. Oosterbaan,  G. Paran,  
 Alexander C. Paul,  Suranjan K. Paul,  F. Pavosevic,  Zheng Pei,  S. Prager,  
 E. I. Proynov,  E. Ramos,  B. Rana,  A. E. Rask,  A. Rettig,  R. M. Richard,  
 F. Rob,  E. Rossomme,  T. Scheele,  M. Scheurer,  M. Schneider,  
 N. Sergueev,  S. M. Sharada,  W. Skomorowski,  D. W. Small,  C. J. Stein,  
 Yu-Chuan Su,  E. J. Sundstrom,  Zhen Tao,  J. Thirman,  T. Tsuchimochi,  
 N. M. Tubman,  S. P. Veccham,  O. Vydrov,  J. Wenzel,  J. Witte,  A. Yamada,  
 Kun Yao,  S. Yeganeh,  S. R. Yost,  A. Zech,  Igor Ying Zhang,  Xing Zhang,  
 Yu Zhang,  D. Zuev,  A. Aspuru-Guzik,  A. T. Bell,  N. A. Besley,  
 K. B. Bravaya,  B. R. Brooks,  D. Casanova,  Jeng-Da Chai,  S. Coriani,  
 C. J. Cramer,  A. E. DePrince, III,  R. A. DiStasio Jr.,  A. Dreuw,  
 B. D. Dunietz,  T. R. Furlani,  W. A. Goddard III,  S. Grimme,  
 S. Hammes-Schiffer,  T. Head-Gordon,  W. J. Hehre,  Chao-Ping Hsu,  
 T.-C. Jagau,  Yousung Jung,  A. Klamt,  Jing Kong,  D. S. Lambrecht,  
 WanZhen Liang,  N. J. Mayhall,  C. W. McCurdy,  J. B. Neaton,  
 C. Ochsenfeld,  J. A. Parkhill,  R. Peverati,  V. A. Rassolov,  Yihan Shao,  
 L. V. Slipchenko,  T. Stauch,  R. P. Steele,  J. E. Subotnik,  
 A. J. W. Thom,  A. Tkatchenko,  D. G. Truhlar,  T. Van Voorhis,  
 T. A. Wesolowski,  K. B. Whaley,  H. L. Woodcock III,  P. M. Zimmerman,  
 S. Faraji,  P. M. W. Gill,  M. Head-Gordon,  J. M. Herbert,  A. I. Krylov

 Additional authors for Version 5.4.1: 
 S. Kotaru,  Shaozhi Li,  Xiangyuan Li,  F. Matz,  A. Molle,  Haisheng Ren,  
 Yingli Su,  Hung-Yi Tsai,  C. Utku,  Fang Wang

 Contributors to earlier versions of Q-Chem not listed above: 
 R. D. Adamson,  B. Austin,  R. Baer,  J. Baker,  G. J. O. Beran,  
 K. Brandhorst,  S. T. Brown,  E. F. C. Byrd,  A. K. Chakraborty,  
 G. K. L. Chan,  Chun-Min Chang,  Yunqing Chen,  C.-L. Cheng,  
 Siu Hung Chien,  D. M. Chipman,  D. L. Crittenden,  H. Dachsel,  
 R. J. Doerksen,  A. D. Dutoi,  R. G. Edgar,  J. Fosso-Tande,  
 L. Fusti-Molnar,  D. Ghosh,  A. Ghysels,  A. Golubeva-Zadorozhnaya,  
 J. Gonthier,  M. S. Gordon,  S. R. Gwaltney,  G. Hawkins,  J. E. Herr,  
 A. Heyden,  S. Hirata,  E. G. Hohenstein,  G. Kedziora,  F. J. Keil,  
 C. Kelley,  Jihan Kim,  R. A. King,  R. Z. Khaliullin,  P. P. Korambath,  
 W. Kurlancheek,  A. Laurent,  A. M. Lee,  M. S. Lee,  S. V. Levchenko,  
 Ching Yeh Lin,  D. Liotard,  E. Livshits,  R. C. Lochan,  I. Lotan,  
 L. A. Martinez-Martinez,  P. E. Maslen,  N. Nair,  D. P. O'Neill,  
 D. Neuhauser,  E. Neuscamman,  C. M. Oana,  R. Olivares-Amaya,  R. Olson,  
 T. M. Perrine,  B. Peters,  P. A. Pieniazek,  A. Prociuk,  Y. M. Rhee,  
 J. Ritchie,  M. A. Rohrdanz,  E. Rosta,  N. J. Russ,  H. F. Schaefer III,  
 M. W. Schmidt,  N. E. Schultz,  S. Sharma,  N. Shenvi,  C. D. Sherrill,  
 A. C. Simmonett,  A. Sodt,  T. Stein,  D. Stuck,  K. S. Thanthiriwatte,  
 V. Vanovschi,  L. Vogt,  Tao Wang,  A. Warshel,  M. A. Watson,  
 C. F. Williams,  Q. Wu,  X. Xu,  Jun Yang,  W. Zhang,  Yan Zhao

 Please cite Q-Chem as follows:
 Y. Shao et al., Mol. Phys. 113, 184-215 (2015)
 DOI: 10.1080/00268976.2014.952696

 Q-Chem 5.4.1 for Intel X86 EM64T Linux

 Parts of Q-Chem use Armadillo 9.800.1 (Horizon Scraper).
 http://arma.sourceforge.net/

 Q-Chem begins on Wed Dec  6 10:58:51 2023  

 Host: 
0

     Scratch files written to /scratch/ari.fischer/qChem1853796.hpc-mn1/qchem117847//
 Aug1521 |scratch|qcdevops|jenkins|workspace|build_RNUM 8249   
 Processing $rem in /usr/local/qchem-5.4.1/config/preferences:
 Processing $rem in /home/ari.fischer/.qchemrc:
 Symmetry turned off for PCM/SM12/SMD calculation

 Checking the input file for inconsistencies... 	...done.

--------------------------------------------------------------
User input:
--------------------------------------------------------------
$molecule
0 2
O         0.7139837603   -0.0221978848    0.0000000000
O        -0.5886126674    0.1177581209    0.0000000000
H        -0.9637405214   -0.7836068958    0.0000000000
$end

$rem
BASIS = 6-311++G**
JOB_TYPE = SP
METHOD = wB97M-V
SCF_ALGORITHM = DIIS_GDM
MAX_SCF_CYCLES = 400
SCF_CONVERGENCE = 7
THRESH = 12
Solvent_method = SMD
$end
--------------------------------------------------------------
 ----------------------------------------------------------------
             Standard Nuclear Orientation (Angstroms)
    I     Atom           X                Y                Z
 ----------------------------------------------------------------
    1      O       0.7139837603    -0.0221978848     0.0000000000
    2      O      -0.5886126674     0.1177581209     0.0000000000
    3      H      -0.9637405214    -0.7836068958     0.0000000000
 ----------------------------------------------------------------
 Nuclear Repulsion Energy =          32.48498172 hartrees
 There are        9 alpha and        8 beta electrons
 Requested basis set is 6-311++G(d,p)
 There are 17 shells and 51 basis functions

 Total QAlloc Memory Limit 288000 MB
 Mega-Array Size       188 MB
 MEM_STATIC part       192 MB
 
 Citation of the SMD model:
 Marenich, A.V.; Cramer, C.J.; Truhlar, D.G.
 J. Phys. Chem. B 2009, 113, 6378-6396.
 iSolventCode=           1
 Solvent: water                                                           
 
 vradii
            1           2           3
    1   1.5200000   1.5200000   1.2000000
 Changing PCM_VDW_RADII to SMD_RADIUS
 Discretize the solute cavity surface with Lebedev spheres
	Using 110 Lebedev grid points for each H atom
	Using 194 Lebedev grid points for other atoms
	Atomic van der Waals radii will be scaled by 1.20
 Remove points where switching function is < 1.0e-08
 Keep 354 surface tesserae and discard 144 interior tesserae
 Molecular Surface Area = 45.022 Angst**2

                       Distance Matrix (Angstroms)
             O (  1)   O (  2)
   O (  2)  1.310094
   H (  3)  1.842418  0.976309
 
 A cutoff of  1.0D-12 yielded    153 shell pairs
 There are      1397 function pairs (      1512 Cartesian)
 Smallest overlap matrix eigenvalue = 1.02E-03

 Scale SEOQF with 1.000000e-01/1.000000e+00/1.000000e+00

 Standard Electronic Orientation quadrupole field applied
 Nucleus-field energy     =     0.0000000008 hartrees
 Guess from superposition of atomic densities
 Warning:  Energy on first SCF cycle will be non-variational
 SAD guess density has 17.000000 electrons

 -----------------------------------------------------------------------
  General SCF calculation program by
  Eric Jon Sundstrom, Paul Horn, Yuezhi Mao, Dmitri Zuev, Alec White,
  David Stuck, Shaama M.S., Shane Yost, Joonho Lee, David Small,
  Daniel Levine, Susi Lehtola, Hugh Burton, Evgeny Epifanovsky,
  Bang C. Huynh
 -----------------------------------------------------------------------
 Exchange:     0.1500 Hartree-Fock + 1.0000 wB97M-V + LR-HF
 Correlation:  1.0000 wB97M-V
 Using SG-2 standard quadrature grid
 Nonlocal Correlation:  VV10 with C = 0.0100 and b = 6.00 and scale = 1.00000
 Grid used for NLC:  SG-1 standard quadrature
 
 Citation of the SMD model:
 Marenich, A.V.; Cramer, C.J.; Truhlar, D.G.
 J. Phys. Chem. B 2009, 113, 6378-6396.
 iSolventCode=           1
 Solvent: water                                                           
 
 vradii
            1           2           3
    1   1.5200000   1.5200000   1.2000000
 using 4 threads for integral computing
 -------------------------------------------------------
 OpenMP Integral computing Module                
 Release: version 1.0, May 2013, Q-Chem Inc. Pittsburgh 
 -------------------------------------------------------
 -------------------------------------------------------
 OpenMP BLAS3 based DFT computing Module                
 Release: version 1.0, May 2013, Q-Chem Inc. Pittsburgh 
 -------------------------------------------------------
 A unrestricted SCF calculation will be
 performed using DIIS, GDM
 SCF converges when RMS gradient is below 1.0e-07
 ---------------------------------------
  Cycle       Energy         DIIS error
 ---------------------------------------
    1    -150.9304190457      3.62e-02  
    2    -150.8932280375      5.09e-03  Done DIIS. Switching to GDM
 ---------------------------------------
  Cycle       Energy        RMS Gradient
 ---------------------------------------
    1    -150.8932280375      1.10e-01   Normal BFGS step
    2    -150.9038851104      9.61e-02   Normal BFGS step
    3    -150.9200242008      2.66e-02   Normal BFGS step
    4    -150.9212250261      9.70e-03   Normal BFGS step
    5    -150.9214318889      5.51e-03   Normal BFGS step
    6    -150.9214977002      2.11e-03   Normal BFGS step
    7    -150.9215122696      5.83e-04   Normal BFGS step
    8    -150.9215138712      2.16e-04   Normal BFGS step
    9    -150.9215141277      3.57e-05   Normal BFGS step
   10    -150.9215141437      1.38e-05   Normal BFGS step
   11    -150.9215141453      3.09e-06   Normal BFGS step
   12    -150.9215141454      1.44e-06   Normal BFGS step
   13    -150.9215141454      3.58e-07   Normal BFGS step
   14    -150.9215141454      1.58e-07   Normal BFGS step
   15    -150.9215141454      5.86e-08  Convergence criterion met
 ---------------------------------------
 SCF time:   CPU 26.89s  wall 7.00s 
<S^2> =          0.753433545
(3)  G-ENP(liq) elect-nuc-pol free energy of system     -150.921514145 a.u.
(4)  G-CDS(liq) cavity-dispersion-solvent structure 
     free energy                                                0.6953 kcal/mol
(6)  G-S(liq) free energy of system                     -150.920406084 a.u.
 SCF   energy in the final basis set =     -150.9204060837
 Total energy in the final basis set =     -150.9204060837
 
 --------------------------------------------------------------
 
                    Orbital Energies (a.u.)
 --------------------------------------------------------------
 
 Alpha MOs
 -- Occupied --
-19.4569 -19.4227  -1.3447  -0.9992  -0.6825  -0.6143  -0.6023  -0.4170
 -0.4100
 -- Virtual --
  0.0373   0.1240   0.1783   0.1853   0.2104   0.2392   0.2457   0.2509
  0.2705   0.2933   0.3819   0.5872   1.0353   1.0399   1.0563   1.0595
  1.1064   1.1293   1.3901   1.4301   1.5400   1.6276   2.0815   2.4540
  2.5168   2.6698   2.7879   2.8329   2.8944   3.1399   3.3921   3.5061
  3.7685   3.9470   4.8963   4.9010   5.0423   5.0822   5.4790   6.1211
 50.2840  50.3114
 
 Beta MOs
 -- Occupied --
-19.4474 -19.4030  -1.3174  -0.9587  -0.6649  -0.5831  -0.5303  -0.3944
 -- Virtual --
 -0.0318   0.0384   0.1295   0.1811   0.1924   0.2132   0.2427   0.2485
  0.2588   0.2818   0.3037   0.3826   0.5904   1.0470   1.0602   1.0680
  1.0694   1.1370   1.1461   1.4028   1.4369   1.5557   1.6385   2.0870
  2.4980   2.5290   2.6838   2.8135   2.8909   2.9550   3.1695   3.4381
  3.5215   3.7922   3.9650   4.9109   4.9743   5.0695   5.1643   5.4940
  6.1385  50.2962  50.3218
 --------------------------------------------------------------
 
          Ground-State Mulliken Net Atomic Charges

     Atom                 Charge (a.u.)    Spin (a.u.)
  --------------------------------------------------------
      1 O                    -0.208912       0.709166
      2 O                    -0.138447       0.300410
      3 H                     0.347358      -0.009577
  --------------------------------------------------------
  Sum of atomic charges =    -0.000000
  Sum of spin   charges =     1.000000

 -----------------------------------------------------------------
                    Cartesian Multipole Moments
 -----------------------------------------------------------------
    Charge (ESU x 10^10)
                 0.0000
    Dipole Moment (Debye)
         X      -2.2856      Y      -2.0521      Z       0.0000
       Tot       3.0717
    Quadrupole Moments (Debye-Ang)
        XX     -10.9052     XY       2.1243     YY     -10.4691
        XZ      -0.0000     YZ      -0.0000     ZZ     -11.2148
    Octopole Moments (Debye-Ang^2)
       XXX      -3.8725    XXY      -2.4555    XYY      -2.3632
       YYY      -2.1264    XXZ      -0.0000    XYZ      -0.0000
       YYZ       0.0000    XZZ      -0.2639    YZZ      -0.3573
       ZZZ       0.0000
    Hexadecapole Moments (Debye-Ang^3)
      XXXX     -36.8042   XXXY       2.5384   XXYY      -7.9565
      XYYY       2.2579   YYYY     -10.3595   XXXZ      -0.0000
      XXYZ      -0.0000   XYYZ      -0.0000   YYYZ      -0.0000
      XXZZ      -8.2635   XYZZ       0.3387   YYZZ      -3.4022
      XZZZ      -0.0000   YZZZ      -0.0000   ZZZZ      -8.8452
 -----------------------------------------------------------------
 Total job time:  7.82s(wall), 28.29s(cpu) 
 Wed Dec  6 10:58:59 2023

        *************************************************************
        *                                                           *
        *  Thank you very much for using Q-Chem.  Have a nice day.  *
        *                                                           *
        *************************************************************


